<?xml version="1.0" encoding="UTF-8"?>
<testsuite name="mk.ukim.finki.SILab2Test" tests="2" skipped="0" failures="0" errors="0" timestamp="2023-05-31T15:14:42" hostname="JOVAN" time="0.021">
  <properties/>
  <testcase name="BranchTesting()" classname="mk.ukim.finki.SILab2Test" time="0.018"/>
  <testcase name="multipleConditionsTest()" classname="mk.ukim.finki.SILab2Test" time="0.001"/>
  <system-out><![CDATA[]]></system-out>
  <system-err><![CDATA[]]></system-err>
</testsuite>
